<?xml version="1.0" encoding="UTF-8"?>
<!-- Generated by org.testng.reporters.JUnitReportReporter -->
<testsuite hostname="DESKTOP-863BE13" failures="0" tests="7" name="com.ecommerce.testcases.IndexPageTest" time="104.767" errors="0" timestamp="02 Apr 2023 06:58:57 GMT" skipped="0">
  <testcase classname="com.ecommerce.testcases.IndexPageTest" name="validateTitleTest" time="7.644"/>
  <testcase classname="com.ecommerce.testcases.IndexPageTest" name="clickonSignlinkTest" time="8.282"/>
  <testcase classname="com.ecommerce.testcases.IndexPageTest" name="clickonCreateAccountTest" time="19.824"/>
  <testcase classname="com.ecommerce.testcases.IndexPageTest" name="verifylogoimageTest" time="36.880"/>
  <testcase classname="com.ecommerce.testcases.IndexPageTest" name="verifySearchProductTest" time="11.994"/>
  <testcase classname="com.ecommerce.testcases.IndexPageTest" name="verifyclickonyogabutntest" time="7.895"/>
  <testcase classname="com.ecommerce.testcases.IndexPageTest" name="clickOnAddToCartPageBtnTest" time="12.248"/>
</testsuite> <!-- com.ecommerce.testcases.IndexPageTest -->
