<?xml version="1.0" encoding="UTF-8"?>
<!-- Generated by org.testng.reporters.JUnitReportReporter -->
<testsuite hostname="DESKTOP-863BE13" failures="0" tests="1" name="com.ecommerce.testcases.ShippingPageTest" time="147.749" errors="0" timestamp="09 Jan 2023 12:30:06 GMT" skipped="0">
  <testcase classname="com.ecommerce.testcases.ShippingPageTest" name="clickOnCheckOutTest" time="147.749"/>
</testsuite> <!-- com.ecommerce.testcases.ShippingPageTest -->
