<?xml version="1.0" encoding="UTF-8"?>
<!-- Generated by org.testng.reporters.JUnitReportReporter -->
<testsuite hostname="DESKTOP-R3D6RJV" failures="0" tests="3" name="com.ecommerce.testcases.LoginPageTest" time="22.393" errors="0" timestamp="2023-06-18T05:34:28 PDT" skipped="0">
  <testcase classname="com.ecommerce.testcases.LoginPageTest" name="validateTitleTest" time="5.508"/>
  <testcase classname="com.ecommerce.testcases.LoginPageTest" name="validatefogrotpasswordlink" time="9.168"/>
  <testcase classname="com.ecommerce.testcases.LoginPageTest" name="LoginTest" time="7.717"/>
</testsuite> <!-- com.ecommerce.testcases.LoginPageTest -->
