<?xml version="1.0" encoding="UTF-8"?>
<!-- Generated by org.testng.reporters.JUnitReportReporter -->
<testsuite hostname="DESKTOP-863BE13" failures="0" tests="3" name="com.ecommerce.testcases.HomePageTest" time="42.246" errors="0" timestamp="2023-01-09T10:35:44 IST" skipped="0">
  <testcase classname="com.ecommerce.testcases.HomePageTest" name="verifyyogacollectionTest" time="16.639"/>
  <system-out/>
  <testcase classname="com.ecommerce.testcases.HomePageTest" name="isNameDisplayedTest" time="13.959"/>
  <system-out/>
  <testcase classname="com.ecommerce.testcases.HomePageTest" name="ValidatePageTitleTest" time="11.648"/>
  <system-out/>
</testsuite> <!-- com.ecommerce.testcases.HomePageTest -->
