<?xml version="1.0" encoding="UTF-8"?>
<!-- Generated by org.testng.reporters.JUnitReportReporter -->
<testsuite hostname="DESKTOP-863BE13" failures="0" tests="1" name="com.ecommerce.testcases.WomenPageTest" time="25.216" errors="0" timestamp="2023-01-09T10:35:44 IST" skipped="0">
  <testcase classname="com.ecommerce.testcases.WomenPageTest" name="verifyProductTest" time="25.216"/>
  <system-out/>
</testsuite> <!-- com.ecommerce.testcases.WomenPageTest -->
