<?xml version="1.0" encoding="UTF-8"?>
<!-- Generated by org.testng.reporters.JUnitReportReporter -->
<testsuite hostname="DESKTOP-863BE13" failures="0" tests="4" name="com.ecommerce.testcases.LohinPageTest" time="69.180" errors="0" timestamp="2022-12-11T11:09:32 IST" skipped="0">
  <testcase classname="com.ecommerce.testcases.LohinPageTest" name="verifylogoimageTest" time="9.719"/>
  <system-out/>
  <testcase classname="com.ecommerce.testcases.LohinPageTest" name="clickonCreateAccountTest" time="26.901"/>
  <system-out/>
  <testcase classname="com.ecommerce.testcases.LohinPageTest" name="clickonSignlinkTest" time="12.198"/>
  <system-out/>
  <testcase classname="com.ecommerce.testcases.LohinPageTest" name="validateTitleTest" time="20.362"/>
  <system-out/>
</testsuite> <!-- com.ecommerce.testcases.LohinPageTest -->
