<?xml version="1.0" encoding="UTF-8"?>
<!-- Generated by org.testng.reporters.JUnitReportReporter -->
<testsuite hostname="DESKTOP-R3D6RJV" failures="0" tests="1" name="com.ecommerce.testcases.IndexPageTest" time="27.636" errors="0" timestamp="2024-03-05T04:54:14 PST" skipped="0">
  <testcase classname="com.ecommerce.testcases.IndexPageTest" name="clickonEachProducttest" time="27.636"/>
</testsuite> <!-- com.ecommerce.testcases.IndexPageTest -->
